#-----------------------------------------------------------
# Vivado v2018.2 (64-bit)
# SW Build 2258646 on Thu Jun 14 20:03:12 MDT 2018
# IP Build 2256618 on Thu Jun 14 22:10:49 MDT 2018
# Start of session at: Thu Dec 20 09:46:53 2018
# Process ID: 12036
# Current directory: C:/Users/Administrator/vivado projects/project_DMA - 3
# Command line: vivado.exe -gui_launcher_event rodinguilauncherevent15780 C:\Users\Administrator\vivado projects\project_DMA - 3\project_DMA.xpr
# Log file: C:/Users/Administrator/vivado projects/project_DMA - 3/vivado.log
# Journal file: C:/Users/Administrator/vivado projects/project_DMA - 3\vivado.jou
#-----------------------------------------------------------
start_gui
open_project {C:/Users/Administrator/vivado projects/project_DMA - 3/project_DMA.xpr}
Scanning sources...
Finished scanning sources
INFO: [IP_Flow 19-234] Refreshing IP repositories
INFO: [IP_Flow 19-1704] No user IP repositories specified
INFO: [IP_Flow 19-2313] Loaded Vivado IP repository 'E:/Xilinx/Vivado/2018.2/data/ip'.
open_project: Time (s): cpu = 00:00:12 ; elapsed = 00:00:21 . Memory (MB): peak = 797.688 ; gain = 106.539
update_compile_order -fileset sources_1
launch_simulation
INFO: [Vivado 12-5682] Launching behavioral simulation in 'C:/Users/Administrator/vivado projects/project_DMA - 3/project_DMA.sim/sim_1/behav/xsim'
INFO: [SIM-utils-51] Simulation object is 'sim_1'
INFO: [SIM-utils-54] Inspecting design source files for 'test' in fileset 'sim_1'...
INFO: [USF-XSim-97] Finding global include files...
INFO: [USF-XSim-98] Fetching design files from 'sim_1'...
INFO: [USF-XSim-2] XSim::Compile design
INFO: [USF-XSim-61] Executing 'COMPILE and ANALYZE' step in 'C:/Users/Administrator/vivado projects/project_DMA - 3/project_DMA.sim/sim_1/behav/xsim'
"xvlog --incr --relax -prj test_vlog.prj"
INFO: [USF-XSim-69] 'compile' step finished in '3' seconds
INFO: [USF-XSim-3] XSim::Elaborate design
INFO: [USF-XSim-61] Executing 'ELABORATE' step in 'C:/Users/Administrator/vivado projects/project_DMA - 3/project_DMA.sim/sim_1/behav/xsim'
Vivado Simulator 2018.2
Copyright 1986-1999, 2001-2018 Xilinx, Inc. All Rights Reserved.
Running: E:/Xilinx/Vivado/2018.2/bin/unwrapped/win64.o/xelab.exe -wto 2c9b9dae0503448eb9fb445464d24537 --incr --debug typical --relax --mt 2 -L xil_defaultlib -L unisims_ver -L unimacro_ver -L secureip --snapshot test_behav xil_defaultlib.test xil_defaultlib.glbl -log elaborate.log 
Using 2 slave threads.
Starting static elaboration
Completed static elaboration
INFO: [XSIM 43-4323] No Change in HDL. Linking previously generated obj files to create kernel
INFO: [USF-XSim-69] 'elaborate' step finished in '5' seconds
INFO: [USF-XSim-4] XSim::Simulate design
INFO: [USF-XSim-61] Executing 'SIMULATE' step in 'C:/Users/Administrator/vivado projects/project_DMA - 3/project_DMA.sim/sim_1/behav/xsim'
INFO: [USF-XSim-98] *** Running xsim
   with args "test_behav -key {Behavioral:sim_1:Functional:test} -tclbatch {test.tcl} -log {simulate.log}"
INFO: [USF-XSim-8] Loading simulator feature
Vivado Simulator 2018.2
Time resolution is 1 ps
source test.tcl
# set curr_wave [current_wave_config]
# if { [string length $curr_wave] == 0 } {
#   if { [llength [get_objects]] > 0} {
#     add_wave /
#     set_property needs_save false [current_wave_config]
#   } else {
#      send_msg_id Add_Wave-1 WARNING "No top level signals found. Simulator will start without a wave window. If you want to open a wave window go to 'File->New Waveform Configuration' or type 'create_wave_config' in the TCL console."
#   }
# }
# run 1000ns
INFO: [USF-XSim-96] XSim completed. Design snapshot 'test_behav' loaded.
INFO: [USF-XSim-97] XSim simulation ran for 1000ns
launch_simulation: Time (s): cpu = 00:00:06 ; elapsed = 00:00:13 . Memory (MB): peak = 834.082 ; gain = 9.031
current_wave_config {Untitled 1}
Untitled 1
add_wave {{/test/ourDMA/direction}} {{/test/ourDMA/clk}} {{/test/ourDMA/rst_n}} {{/test/ourDMA/mem_to_dma_valid}} {{/test/ourDMA/mem_to_dma_enable}} {{/test/ourDMA/cpu_to_dma_valid}} {{/test/ourDMA/cpu_to_dma_enable}} {{/test/ourDMA/mem_data_out}} {{/test/ourDMA/cpu_data_out}} {{/test/ourDMA/mem_data_in}} {{/test/ourDMA/cpu_data_in}} {{/test/ourDMA/BUF1}} {{/test/ourDMA/BUF2}} {{/test/ourDMA/count_buf1}} {{/test/ourDMA/count_buf2}} {{/test/ourDMA/dma_to_mem_valid}} {{/test/ourDMA/dma_to_mem_enable}} {{/test/ourDMA/dma_to_cpu_valid}} {{/test/ourDMA/dma_to_cpu_enable}} {{/test/ourDMA/state}} {{/test/ourDMA/max_data_transfer_buf1}} {{/test/ourDMA/max_data_transfer_buf2}} {{/test/ourDMA/Number_of_Data_Transfer_MEM}} {{/test/ourDMA/Number_of_Data_Transfer_CPU}} {{/test/ourDMA/MEM_TO_CPU}} {{/test/ourDMA/CPU_TO_MEM}} {{/test/ourDMA/INPUT_BUF1_AND_OUTPUT_BUF2}} {{/test/ourDMA/INPUT_BUF2_AND_OUTPUT_BUF1}} 
restart
INFO: [Simtcl 6-17] Simulation restarted
run 1 us
close_sim
INFO: [Simtcl 6-16] Simulation closed
close_sim: Time (s): cpu = 00:00:01 ; elapsed = 00:00:07 . Memory (MB): peak = 875.090 ; gain = 0.000
exit
INFO: [Common 17-206] Exiting Vivado at Thu Dec 20 10:00:45 2018...
