生成启动时间为 2019/6/13 11:19:41。
     1>项目“E:\国科大\数据结构\作业\马踏棋盘\马踏棋盘\马踏棋盘.vcxproj”在节点 2 上(build 个目标)。
     1>InitializeBuildStatus:
         正在创建“Debug\马踏棋盘.unsuccessfulbuild”，因为已指定“AlwaysCreate”。
       ClCompile:
         e:\Visual Studio 2010\VC\bin\CL.exe /c /ZI /nologo /W3 /WX- /Od /Oy- /D WIN32 /D _DEBUG /D _CONSOLE /D _UNICODE /D UNICODE /Gm /EHsc /RTC1 /MDd /GS /fp:precise /Zc:wchar_t /Zc:forScope /Fo"Debug\\" /Fd"Debug\vc100.pdb" /Gd /TP /analyze- /errorReport:prompt main.cpp
         main.cpp
     1>e:\国科大\数据结构\作业\马踏棋盘\马踏棋盘\main.cpp(47): warning C4101: “s”: 未引用的局部变量
     1>e:\国科大\数据结构\作业\马踏棋盘\马踏棋盘\main.cpp(47): warning C4101: “l”: 未引用的局部变量
     1>e:\国科大\数据结构\作业\马踏棋盘\马踏棋盘\main.cpp(151): warning C4996: 'scanf': This function or variable may be unsafe. Consider using scanf_s instead. To disable deprecation, use _CRT_SECURE_NO_WARNINGS. See online help for details.
                 e:\visual studio 2010\vc\include\stdio.h(304) : 参见“scanf”的声明
     1>e:\国科大\数据结构\作业\马踏棋盘\马踏棋盘\main.cpp(156): warning C4996: 'scanf': This function or variable may be unsafe. Consider using scanf_s instead. To disable deprecation, use _CRT_SECURE_NO_WARNINGS. See online help for details.
                 e:\visual studio 2010\vc\include\stdio.h(304) : 参见“scanf”的声明
     1>e:\国科大\数据结构\作业\马踏棋盘\马踏棋盘\main.cpp(159): warning C4996: 'scanf': This function or variable may be unsafe. Consider using scanf_s instead. To disable deprecation, use _CRT_SECURE_NO_WARNINGS. See online help for details.
                 e:\visual studio 2010\vc\include\stdio.h(304) : 参见“scanf”的声明
     1>e:\国科大\数据结构\作业\马踏棋盘\马踏棋盘\main.cpp(164): warning C4996: 'scanf': This function or variable may be unsafe. Consider using scanf_s instead. To disable deprecation, use _CRT_SECURE_NO_WARNINGS. See online help for details.
                 e:\visual studio 2010\vc\include\stdio.h(304) : 参见“scanf”的声明
     1>e:\国科大\数据结构\作业\马踏棋盘\马踏棋盘\main.cpp(142): warning C4101: “s”: 未引用的局部变量
       ManifestResourceCompile:
         所有输出均为最新。
       Link:
         e:\Visual Studio 2010\VC\bin\link.exe /ERRORREPORT:PROMPT /OUT:"E:\国科大\数据结构\作业\马踏棋盘\Debug\马踏棋盘.exe" /INCREMENTAL /NOLOGO kernel32.lib user32.lib gdi32.lib winspool.lib comdlg32.lib advapi32.lib shell32.lib ole32.lib oleaut32.lib uuid.lib odbc32.lib odbccp32.lib /MANIFEST /ManifestFile:"Debug\马踏棋盘.exe.intermediate.manifest" /MANIFESTUAC:"level='asInvoker' uiAccess='false'" /DEBUG /PDB:"E:\国科大\数据结构\作业\马踏棋盘\Debug\马踏棋盘.pdb" /SUBSYSTEM:CONSOLE /TLBID:1 /DYNAMICBASE /NXCOMPAT /IMPLIB:"E:\国科大\数据结构\作业\马踏棋盘\Debug\马踏棋盘.lib" /MACHINE:X86 "Debug\马踏棋盘.exe.embed.manifest.res"
         Debug\main.obj
       Manifest:
         C:\Program Files (x86)\Microsoft SDKs\Windows\v7.0A\bin\mt.exe /nologo /verbose /out:"Debug\马踏棋盘.exe.embed.manifest" /manifest "Debug\马踏棋盘.exe.intermediate.manifest"
         所有输出均为最新。
       LinkEmbedManifest:
         所有输出均为最新。
         马踏棋盘.vcxproj -> E:\国科大\数据结构\作业\马踏棋盘\Debug\马踏棋盘.exe
       FinalizeBuildStatus:
         正在删除文件“Debug\马踏棋盘.unsuccessfulbuild”。
         正在对“Debug\马踏棋盘.lastbuildstate”执行 Touch 任务。
     1>已完成生成项目“E:\国科大\数据结构\作业\马踏棋盘\马踏棋盘\马踏棋盘.vcxproj”(build 个目标)的操作。

生成成功。

已用时间 00:00:00.61
